c:\users\k\desktop\2021-2 자료\c++\followclass\교재 문제풀기\project1\debug\vc142.pdb
c:\users\k\desktop\2021-2 자료\c++\followclass\교재 문제풀기\project1\debug\vc142.idb
c:\users\k\desktop\2021-2 자료\c++\followclass\교재 문제풀기\project1\debug\ram.obj
c:\users\k\desktop\2021-2 자료\c++\followclass\교재 문제풀기\project1\debug\p169checktime.obj
c:\users\k\desktop\2021-2 자료\c++\followclass\교재 문제풀기\project1\debug\calculator.obj
c:\users\k\desktop\2021-2 자료\c++\followclass\교재 문제풀기\project1\debug\3장 8번.obj
c:\users\k\desktop\2021-2 자료\c++\followclass\교재 문제풀기\project1\debug\3장 6번.obj
c:\users\k\desktop\2021-2 자료\c++\followclass\교재 문제풀기\project1\debug\3장 4번.obj
c:\users\k\desktop\2021-2 자료\c++\followclass\교재 문제풀기\project1\debug\3장 2번.obj
c:\users\k\desktop\2021-2 자료\c++\followclass\교재 문제풀기\project1\debug\main.obj
c:\users\k\desktop\2021-2 자료\c++\followclass\교재 문제풀기\project1\debug\p.202checktime.obj
c:\users\k\desktop\2021-2 자료\c++\followclass\교재 문제풀기\project1\debug\4장 1번.obj
c:\users\k\desktop\2021-2 자료\c++\followclass\교재 문제풀기\project1\debug\4장 3번(1).obj
c:\users\k\desktop\2021-2 자료\c++\followclass\교재 문제풀기\project1\debug\4장 3번(2).obj
c:\users\k\desktop\2021-2 자료\c++\followclass\교재 문제풀기\project1\debug\4장 5번.obj
c:\users\k\desktop\2021-2 자료\c++\followclass\교재 문제풀기\project1\debug\4장 7번.obj
c:\users\k\desktop\2021-2 자료\c++\followclass\교재 문제풀기\project1\debug\4장 9번.obj
c:\users\k\desktop\2021-2 자료\c++\followclass\교재 문제풀기\project1\debug\project1.exe
c:\users\k\desktop\2021-2 자료\c++\followclass\교재 문제풀기\project1\debug\project1.ilk
c:\users\k\desktop\2021-2 자료\c++\followclass\교재 문제풀기\project1\debug\project1.pdb
c:\users\k\desktop\2021-2 자료\c++\followclass\교재 문제풀기\project1\debug\project1.tlog\cl.command.1.tlog
c:\users\k\desktop\2021-2 자료\c++\followclass\교재 문제풀기\project1\debug\project1.tlog\cl.read.1.tlog
c:\users\k\desktop\2021-2 자료\c++\followclass\교재 문제풀기\project1\debug\project1.tlog\cl.write.1.tlog
c:\users\k\desktop\2021-2 자료\c++\followclass\교재 문제풀기\project1\debug\project1.tlog\link.command.1.tlog
c:\users\k\desktop\2021-2 자료\c++\followclass\교재 문제풀기\project1\debug\project1.tlog\link.read.1.tlog
c:\users\k\desktop\2021-2 자료\c++\followclass\교재 문제풀기\project1\debug\project1.tlog\link.write.1.tlog
